<?xml version="1.0" encoding="UTF-8"?>
<beans xmlns="http://www.springframework.org/schema/beans"
    xmlns:xsi="http://www.w3.org/2001/XMLSchema-instance"
    xsi:schemaLocation="http://www.springframework.org/schema/beans http://www.springframework.org/schema/beans/spring-beans.xsd">

    <import resource="alg-util-common-logging.xml" />

    <bean id="jmxObject" class="nl.bzk.migratiebrp.tools.jmxcollector.JmxObject" />

    <bean id="testMBeanServer" class="org.springframework.jmx.support.MBeanServerFactoryBean">
        <!-- Use only PlatformMBeamServer -->
        <property name="agentId" value=""/>
    </bean>

    <bean id="testServerConnector" class="org.springframework.jmx.support.ConnectorServerFactoryBean">
        <property name="serviceUrl" value="service:jmx:simple://localhost:0"/>
    </bean>

    <bean id="testBeanExporter" class="org.springframework.jmx.export.MBeanExporter" lazy-init="false">
        <property name="assembler" ref="testMBeanAssembler" />
        <property name="server" ref="testMBeanServer" />
        <property name="namingStrategy" ref="testNamingStrategy" />
        <property name="autodetect" value="true" />
    </bean>

    <bean id="testJmsAttributeSource" class="org.springframework.jmx.export.annotation.AnnotationJmxAttributeSource"/>
    <bean id="testMBeanAssembler" class="org.springframework.jmx.export.assembler.MetadataMBeanInfoAssembler">
        <property name="attributeSource" ref="testJmsAttributeSource"/>
    </bean>

    <bean id="testNamingStrategy" class="org.springframework.jmx.export.naming.MetadataNamingStrategy">
        <property name="attributeSource" ref="testJmsAttributeSource"/>
    </bean>

</beans>
