<?xml version="1.0" encoding="UTF-8"?>
<beans xmlns="http://www.springframework.org/schema/beans"
       xmlns:xsi="http://www.w3.org/2001/XMLSchema-instance"
       xsi:schemaLocation="http://www.springframework.org/schema/beans http://www.springframework.org/schema/beans/spring-beans.xsd">

    <!-- Mailbox -->

    <import resource="voisc-database-beans.xml"/>
    <import resource="voisc-database-em.xml"/>
    <import resource="voisc-mailbox-client.xml"/>

</beans>