<?xml version="1.0" encoding="UTF-8"?>
<beans xmlns="http://www.springframework.org/schema/beans"
	   xmlns:xsi="http://www.w3.org/2001/XMLSchema-instance"
	   xmlns:context="http://www.springframework.org/schema/context"
	   xmlns:jdbc="http://www.springframework.org/schema/jdbc"
	   xsi:schemaLocation="http://www.springframework.org/schema/beans http://www.springframework.org/schema/beans/spring-beans.xsd
        http://www.springframework.org/schema/context http://www.springframework.org/schema/context/spring-context.xsd


		http://www.springframework.org/schema/jdbc http://www.springframework.org/schema/jdbc/spring-jdbc.xsd">

 	<context:property-placeholder location="classpath:inmemory.properties" />
    <context:annotation-config />

	<jdbc:embedded-database id="testDb" />

    <bean name="syncDalDataSource" class="org.apache.commons.dbcp.BasicDataSource" destroy-method="close">
        <property name="driverClassName" value="${jdbc.driverClassName}"/>
        <property name="url" value="${jdbc.url}"/>
        <property name="username" value="${jdbc.username}"/>
        <property name="password" value="${jdbc.password}"/>
    </bean>

	<jdbc:initialize-database data-source="syncDalDataSource">
		<!-- alg-test-dal/test/resources -->
	    <jdbc:script location="classpath:bmr/HSQLDB/HSQLDB.sql" encoding="UTF-8"/>
        <jdbc:script location="classpath:bmr/HSQLDB/PENDING_BMR_CHANGES.sql" encoding="UTF-8"/>
	</jdbc:initialize-database>

	<bean id="dbUnitBrpUtil" class="nl.bzk.algemeenbrp.test.dal.DBUnitBrpUtil" />
</beans>
