<?xml version="1.0" encoding="UTF-8"?>
<beans xmlns="http://www.springframework.org/schema/beans"
       xmlns:xsi="http://www.w3.org/2001/XMLSchema-instance"
       xmlns:context="http://www.springframework.org/schema/context"
       xsi:schemaLocation="http://www.springframework.org/schema/beans http://www.springframework.org/schema/beans/spring-beans.xsd
        http://www.springframework.org/schema/context http://www.springframework.org/schema/context/spring-context.xsd">

    <beans profile="!memoryDS">
        <context:property-placeholder location="classpath:datasource.properties,classpath:alp.properties"/>
    </beans>
    <beans profile="memoryDS">
        <context:property-placeholder location="classpath:inmemory.properties,classpath:alp.properties"/>
    </beans>

    <beans>
    	<!-- Configuratie -->
        <import resource="classpath:delivery-dataaccess-beans.xml"/>
        <bean name="jmxdomein" class="java.lang.String">
        	<constructor-arg value="test" />
        </bean>
        
        <!-- Levering -->
        <import resource="classpath:levering-kern-algemeen.xml"/>
        <import resource="classpath:gba-algemeen-beans.xml"/>
        <import resource="classpath:lo3-conversie-beans.xml"/>
    </beans>
</beans>
