<?xml version="1.0" encoding="UTF-8"?>
<beans xmlns="http://www.springframework.org/schema/beans"
       xmlns:xsi="http://www.w3.org/2001/XMLSchema-instance"
       xmlns:amq="http://activemq.apache.org/schema/core"
       xmlns:context="http://www.springframework.org/schema/context"
       xsi:schemaLocation="http://www.springframework.org/schema/beans http://www.springframework.org/schema/beans/spring-beans.xsd
                           http://www.springframework.org/schema/context http://www.springframework.org/schema/context/spring-context.xsd
                           http://activemq.apache.org/schema/core http://activemq.apache.org/schema/core/activemq-core.xsd">

	<!-- Autowire testcases using annotations -->
	<context:annotation-config />
    <context:property-placeholder />

	<bean id="routeringJmxConnectorCredentials" class="nl.bzk.algemeenbrp.util.jmx.client.CredentialsFactory">
		<property name="username" value="admin" />
		<property name="password" value="admin" />
	</bean>

    <bean id="routeringJmxConnector" class="org.springframework.jmx.support.MBeanServerConnectionFactoryBean">
		<property name="environment">
			<map>
				<entry key="jmx.remote.credentials" value-ref="routeringJmxConnectorCredentials" />
			</map>    		
    	</property>    
    	<property name="connectOnStartup" value="false" />
        <property name="serviceUrl" value="service:jmx:simple://localhost:${test.jmx.port}"/>
    </bean>

</beans>
