<?xml version="1.0" encoding="UTF-8"?>
<persistence version="2.0"
    xmlns="http://java.sun.com/xml/ns/persistence" xmlns:xsi="http://www.w3.org/2001/XMLSchema-instance"
    xsi:schemaLocation="http://java.sun.com/xml/ns/persistence http://java.sun.com/xml/ns/persistence/persistence_2_0.xsd">
    <persistence-unit name="LogEntities" transaction-type="RESOURCE_LOCAL">
        <!-- logging -->
        <class>nl.bzk.migratiebrp.init.logging.model.domein.entities.FingerPrint</class>
        <class>nl.bzk.migratiebrp.init.logging.model.domein.entities.InitVullingAfnemersindicatie</class>
        <class>nl.bzk.migratiebrp.init.logging.model.domein.entities.InitVullingAfnemersindicatieStapel</class>
        <class>nl.bzk.migratiebrp.init.logging.model.domein.entities.InitVullingAfnemersindicatieStapelPk</class>
        <class>nl.bzk.migratiebrp.init.logging.model.domein.entities.InitVullingAutorisatie</class>
        <class>nl.bzk.migratiebrp.init.logging.model.domein.entities.InitVullingLog</class>
        <class>nl.bzk.migratiebrp.init.logging.model.domein.entities.VerschilAnalyseRegel</class>
    </persistence-unit>
</persistence>
