<configuration xmlns="urn:hornetq"
               xmlns:xsi="http://www.w3.org/2001/XMLSchema-instance"
               xsi:schemaLocation="urn:hornetq /schema/hornetq-configuration.xsd">


   <paging-directory>target/hornetq/data/paging</paging-directory>
   <bindings-directory>target/hornetq/data/bindings</bindings-directory>
   <journal-directory>target/hornetq/data/journal</journal-directory>
   <journal-min-files>10</journal-min-files>
   <large-messages-directory>target/hornetq/data/large-messages</large-messages-directory>

   <connectors>
      <connector name="netty">
         <factory-class>org.hornetq.core.remoting.impl.netty.NettyConnectorFactory</factory-class>
         <param key="host"  value="localhost"/>
         <param key="port"  value="${test.hornetq.port}"/>
      </connector>
   </connectors>

   <acceptors>
      <acceptor name="netty">
         <factory-class>org.hornetq.core.remoting.impl.netty.NettyAcceptorFactory</factory-class>
         <param key="host"  value="localhost"/>
         <param key="port"  value="${test.hornetq.port}"/>
      </acceptor>
   </acceptors>

   <security-settings >
      <security-setting match="#" >
         <permission type="createNonDurableQueue" roles="guest"/>
         <permission type="deleteNonDurableQueue" roles="guest"/>
         <permission type="consume" roles="guest"/>
         <permission type="send" roles="guest"/>
      </security-setting>
   </security-settings>

   <address-settings>
      <!--default for catch all-->
      <address-setting match="#">
         <dead-letter-address>jms.queue.DLQ</dead-letter-address>
         <expiry-address>jms.queue.ExpiryQueue</expiry-address>
         <redelivery-delay>0</redelivery-delay>
         <max-size-bytes>10485760</max-size-bytes>
         <message-counter-history-day-limit>10</message-counter-history-day-limit>
         <address-full-policy>BLOCK</address-full-policy>
      </address-setting>
   </address-settings>

<!--
	<queues>
 		<queue name="DLQ">
      		<address>/queue/DLQ</address>
   		</queue>
	   <queue name="ExpiryQueue">
      		<address>/queue/ExpiryQueue</address>
   		</queue>
		<queue name="init.vulling.naarlo3" >
      		<address>queues/init.vulling.naarlo3</address>
   		</queue>
   		<queue name="init.vulling.naarlo3.response">
      		<address>queues/init.vulling.naarlo3.response</address>
   		</queue>
   		<queue name="init.vulling.naarbrp">
      		<address>queues/init.vulling.naarbrp</address>
   		</queue>
   		<queue name="init.vulling.naarbrp.response">
      		<address>queues/init.vulling.naarbrp.response</address>
   		</queue>
	</queues>
 -->
</configuration>
