<?xml version="1.0" encoding="UTF-8"?>
<beans xmlns="http://www.springframework.org/schema/beans"
       xmlns:xsi="http://www.w3.org/2001/XMLSchema-instance"
       xmlns:context="http://www.springframework.org/schema/context"
       xmlns:jdbc="http://www.springframework.org/schema/jdbc"
       xsi:schemaLocation="http://www.springframework.org/schema/beans http://www.springframework.org/schema/beans/spring-beans.xsd
       http://www.springframework.org/schema/context http://www.springframework.org/schema/context/spring-context.xsd
        http://www.springframework.org/schema/jdbc http://www.springframework.org/schema/jdbc/spring-jdbc.xsd">

    <context:property-placeholder />

    <bean id="embeddedHsqlDatabaseServer" class="org.hsqldb.server.Server" init-method="start" destroy-method="stop">
        <property name="port" value="${test.database.port}"/>
        <property name="properties">
            <bean class="org.hsqldb.persist.HsqlProperties">
                <constructor-arg>
                    <props>
                        <prop key="hsqldb.reconfig_logging">false</prop>
                        <prop key="server.database.1">mem:gbav</prop>
                        <prop key="server.dbname.1">gbav</prop>
                    </props>
                </constructor-arg>
            </bean>
        </property>
    </bean>

    <bean id="init-runtime-datasource" class="com.atomikos.jdbc.nonxa.AtomikosNonXADataSourceBean"
          depends-on="embeddedHsqlDatabaseServer">
        <property name="uniqueResourceName">
            <!--
           | Tijdens jUnit testen kan de ApplicationContext meerdere keren worden geinstantieerd.
           | Elke keer dient een unique naam gebruikt te worden, anders gaat Atomikos fout.
            -->
            <bean class="nl.bzk.algemeenbrp.jta.util.UniqueName">
                <property name="baseName" value="initDatabase"/>
            </bean>
        </property>
        <property name="driverClassName" value="org.hsqldb.jdbc.JDBCDriver"/>
        <property name="url" value="jdbc:hsqldb:hsql://localhost:${test.database.port}/GBAV"/>

        <property name="user" value="sa"/>
        <property name="password" value=""/>

        <property name="minPoolSize" value="1"/>
        <property name="maxPoolSize" value="20"/>
    </bean>

    <jdbc:initialize-database data-source="init-runtime-datasource" ignore-failures="ALL">
        <jdbc:script location="classpath:sql/postgres.sql"/>
        <jdbc:script location="classpath:sql/drop_lo3.sql"/>
    </jdbc:initialize-database>

    <bean name="gbavInitializer" class="org.springframework.jdbc.datasource.init.DataSourceInitializer">
        <property name="dataSource" ref="init-runtime-datasource" />
        <property name="databasePopulator">
            <bean class="org.springframework.jdbc.datasource.init.ResourceDatabasePopulator">
                <property name="sqlScriptEncoding" value="UTF-8" />
                <property name="scripts">
                    <list>
                        <value>classpath:sql/create_lo3.sql</value>
                        <bean class="nl.bzk.migratiebrp.init.naarbrp.util.HsqlSqlAdapter">
                            <property name="sqlResource" value="classpath:sql/createInitVullingTables.sql" />
                        </bean>
                    </list>
                </property>
            </bean>
        </property>
    </bean>


</beans>
