<?xml version="1.0" encoding="UTF-8"?>
<beans xmlns="http://www.springframework.org/schema/beans"
       xmlns:xsi="http://www.w3.org/2001/XMLSchema-instance"
       xmlns:context="http://www.springframework.org/schema/context"
       xmlns:jdbc="http://www.springframework.org/schema/jdbc"
       xsi:schemaLocation="
        http://www.springframework.org/schema/beans http://www.springframework.org/schema/beans/spring-beans.xsd
        http://www.springframework.org/schema/context http://www.springframework.org/schema/context/spring-context.xsd
        http://www.springframework.org/schema/jdbc http://www.springframework.org/schema/jdbc/spring-jdbc.xsd">

    <context:annotation-config/>
    <context:property-placeholder />

    <!-- ConnectionFactory -->
    <bean name="connectionFactory" class="org.hornetq.jms.client.HornetQXAConnectionFactory">
        <constructor-arg value="false"/>
        <constructor-arg>
            <bean name="transportConfiguration" class="org.hornetq.api.core.TransportConfiguration">
                <constructor-arg value="org.hornetq.core.remoting.impl.netty.NettyConnectorFactory"/>
                <constructor-arg>
                    <map key-type="java.lang.String" value-type="java.lang.Object">
                        <entry key="host" value="localhost"/>
                        <entry key="port" value="${test.hornetq.port}"/>
                    </map>
                </constructor-arg>
            </bean>
        </constructor-arg>
        <property name="connectionTTL" value="600000"/>
        <property name="callTimeout" value="300000"/>
        <property name="retryInterval" value="1000"/>
        <property name="retryIntervalMultiplier" value="1.5"/>
        <property name="reconnectAttempts" value="1000"/>
        <property name="maxRetryInterval" value="60000"/>
        <property name="producerWindowSize" value="100"/>
    </bean>

</beans>
