<configuration xmlns="urn:hornetq"
               xmlns:xsi="http://www.w3.org/2001/XMLSchema-instance"
               xsi:schemaLocation="urn:hornetq /schema/hornetq-configuration.xsd">

    <paging-directory>target/hornetq/data/paging</paging-directory>
    <bindings-directory>target/hornetq/data/bindings</bindings-directory>
    <journal-directory>target/hornetq/data/journal</journal-directory>
    <journal-min-files>10</journal-min-files>
    <large-messages-directory>target/hornetq/data/large-messages</large-messages-directory>
    <jmx-management-enabled>false</jmx-management-enabled>
    <persistence-enabled>true</persistence-enabled>

    <connectors>
        <connector name="netty">
            <factory-class>org.hornetq.core.remoting.impl.netty.NettyConnectorFactory</factory-class>
            <param key="host" value="localhost"/>
            <param key="port" value="${test.hornetq.port}"/>
            <param key="tcp-send-buffer-size" value="1048576"/>
            <param key="tcp-receive-buffer-size" value="1048576"/>
            <param key="direct-deliver" value="false"/>
            <param key="use-nio" value="true"/>
        </connector>
        <connector name="netty-throughput">
            <factory-class>org.hornetq.core.remoting.impl.netty.NettyConnectorFactory</factory-class>
            <param key="host" value="localhost"/>
            <param key="port" value="${test.hornetq.port}"/>
            <param key="batch-delay" value="50"/>
        </connector>
    </connectors>


    <acceptors>
        <acceptor name="netty">
            <factory-class>org.hornetq.core.remoting.impl.netty.NettyAcceptorFactory</factory-class>
            <param key="host" value="localhost"/>
            <param key="port" value="${test.hornetq.port}"/>
            <param key="tcp-send-buffer-size" value="1048576"/>
            <param key="tcp-receive-buffer-size" value="1048576"/>
            <param key="direct-deliver" value="false"/>
            <param key="use-nio" value="true"/>
        </acceptor>

        <acceptor name="netty-throughput">
            <factory-class>org.hornetq.core.remoting.impl.netty.NettyAcceptorFactory</factory-class>
            <param key="host" value="localhost"/>
            <param key="port" value="${test.hornetq.port}"/>
            <param key="batch-delay" value="50"/>
            <param key="direct-deliver" value="false"/>
        </acceptor>
    </acceptors>

    <security-settings>
        <security-setting match="#">
            <permission type="createNonDurableQueue" roles="guest"/>
            <permission type="deleteNonDurableQueue" roles="guest"/>
            <permission type="consume" roles="guest"/>
            <permission type="send" roles="guest"/>
        </security-setting>
    </security-settings>

    <address-settings>
        <!--default for catch all-->
        <address-setting match="#">
            <dead-letter-address>jms.queue.DLQ</dead-letter-address>
            <expiry-address>jms.queue.ExpiryQueue</expiry-address>
            <redelivery-delay>0</redelivery-delay>
            <max-size-bytes>10485760</max-size-bytes>
            <page-size-bytes>1048576</page-size-bytes>
            <message-counter-history-day-limit>10</message-counter-history-day-limit>
            <address-full-policy>PAGE</address-full-policy>
        </address-setting>
    </address-settings>

</configuration>
