<?xml version="1.0" encoding="UTF-8"?>
<beans xmlns="http://www.springframework.org/schema/beans"
    xmlns:xsi="http://www.w3.org/2001/XMLSchema-instance" xmlns:p="http://www.springframework.org/schema/p"
    xmlns:context="http://www.springframework.org/schema/context"
    xmlns:aop="http://www.springframework.org/schema/aop" xmlns:tx="http://www.springframework.org/schema/tx"
    xmlns:jdbc="http://www.springframework.org/schema/jdbc" xmlns:jpa="http://www.springframework.org/schema/data/jpa"
    xsi:schemaLocation="
        http://www.springframework.org/schema/beans http://www.springframework.org/schema/beans/spring-beans.xsd
        http://www.springframework.org/schema/context http://www.springframework.org/schema/context/spring-context.xsd
        http://www.springframework.org/schema/aop http://www.springframework.org/schema/aop/spring-aop.xsd
        http://www.springframework.org/schema/tx http://www.springframework.org/schema/tx/spring-tx.xsd
        http://www.springframework.org/schema/jdbc http://www.springframework.org/schema/jdbc/spring-jdbc.xsd
        http://www.springframework.org/schema/data/jpa http://www.springframework.org/schema/data/jpa/spring-jpa-1.0.xsd">

	<bean class="org.springframework.context.support.PropertySourcesPlaceholderConfigurer">
		<property name="properties">
			<props>
				<prop key="jbpm.hibernate.dialect">nl.bzk.migratiebrp.isc.jbpm.hibernate.HSQLJbpmDialect</prop>
			</props>
		</property>
	</bean>




	<!-- JBPM -->
	<import resource="isc-jbpm-algemeen.xml" />
	<import resource="classpath*:isc-jbpm-usecase-beans.xml" />

    <!-- JBPM Configuratie -->
     <bean name="iscDataSource,iscNonTransactionalDataSource" class="com.atomikos.jdbc.nonxa.AtomikosNonXADataSourceBean">
        <property name="uniqueResourceName">
            <!--
             | Tijdens jUnit testen kan de ApplicationContext meerdere keren worden geinstantieerd.
             | Elke keer dient een unique naam gebruikt te worden, anders gaat Atomikos fout.
              -->
            <bean class="nl.bzk.algemeenbrp.jta.util.UniqueName" >
            	<property name="baseName" value="iscDatabase" />
            </bean>
        </property>
		<property name="driverClassName" value="org.hsqldb.jdbc.JDBCDriver" />
		<property name="url" value="jdbc:hsqldb:hsql://localhost:${test.database.port}/isc" />
		<!--
        <property name="url" value="jdbc:h2:tcp://localhost:9107/isc"/>
        <property name="driverClassName" value="org.h2.Driver"/>
        -->
        <property name="user" value="sa"/>
        <property name="password" value="" />
        <property name="maxPoolSize" value="20" />
        <property name="minPoolSize" value="1"/>
    </bean>

	<bean id="atomikosSystemProperties" class="org.springframework.beans.factory.config.MethodInvokingFactoryBean">
        <property name="targetObject">
            <bean class="org.springframework.beans.factory.config.MethodInvokingFactoryBean">
                <property name="targetClass" value="java.lang.System" />
                <property name="targetMethod" value="getProperties" />
            </bean>
        </property>
        <property name="targetMethod" value="putAll" />
        <property name="arguments">
        	<props>
                <prop key="com.atomikos.icatch.no_file">true</prop>
                <prop key="com.atomikos.icatch.hide_init_file_path">false</prop>
	            <prop key="com.atomikos.icatch.service">com.atomikos.icatch.standalone.UserTransactionServiceFactory</prop>
            </props>
        </property>
    </bean>

	<bean id="atomikosUserTransactionService" class="com.atomikos.icatch.config.UserTransactionServiceImp" init-method="init" destroy-method="shutdownForce" depends-on="atomikosSystemProperties">
	    <constructor-arg>
	        <props>
	            <prop key="com.atomikos.icatch.max_timeout">300000</prop>
	            <prop key="com.atomikos.icatch.default_jta_timeout">10000</prop>
	            <prop key="com.atomikos.icatch.max_actives">50</prop>
	            <prop key="com.atomikos.icatch.enable_logging">${atomikos.enable_logging:true}</prop>
	            <prop key="com.atomikos.icatch.tm_unique_name">${atomikos.unique.name:isc-jbpm-command-}</prop>
	            <prop key="com.atomikos.icatch.serial_jta_transactions">true</prop>
	            <prop key="com.atomikos.icatch.force_shutdown_on_vm_exit">false</prop>
	            <prop key="com.atomikos.icatch.log_base_name">${atomikos.unique.name:isc-jbpm-command-}tmlog-</prop>
	            <prop key="com.atomikos.icatch.log_base_dir">target/atomikos</prop>
	            <prop key="com.atomikos.icatch.checkpoint_interval">500</prop>
	            <prop key="com.atomikos.icatch.threaded_2pc">false</prop>
	        </props>
	    </constructor-arg>
	</bean>

	<bean id="atomikosTransactionManager" class="com.atomikos.icatch.jta.UserTransactionManager" init-method="init" destroy-method="close"  depends-on="atomikosUserTransactionService">
	   <property name="startupTransactionService" value="false"/>
	   <property name="forceShutdown" value="true" />
	</bean>

    <bean id="atomikosUserTransaction" class="com.atomikos.icatch.jta.UserTransactionImp" depends-on="atomikosUserTransactionService">
        <property name="transactionTimeout"><value>300</value></property>
    </bean>

    <bean name="iscTransactionManager,registerTransactionManager" class="org.springframework.transaction.jta.JtaTransactionManager">
        <property name="transactionManager"><ref bean="atomikosTransactionManager"  /></property>
        <property name="userTransaction"><ref bean="atomikosUserTransaction"  /></property>
    </bean>

	<!-- Command-->
	<import resource="isc-jbpm-command.xml" />

	<!-- JMX -->
    <bean id="iscMBeanServer" class="org.springframework.jmx.support.MBeanServerFactoryBean">
        <property name="locateExistingServerIfPossible" value="true"/>
    </bean>

    <bean id="iscMBeanExporter" class="org.springframework.jmx.export.annotation.AnnotationMBeanExporter">
        <property name="server" ref="iscMBeanServer" />
	</bean>

    <bean id="iscServerConnectorSsl" class="org.springframework.jmx.support.ConnectorServerFactoryBean">
        <property name="serviceUrl" value="service:jmx:simple://0.0.0.0:${test.jmx.port}"/>
        <property name="environmentMap">
            <map>
                <entry key="jmx.remote.authenticator">
                    <bean class="nl.bzk.algemeenbrp.util.jmx.authenticator.PropertiesAuthenticator">
                        <constructor-arg>
                            <props>
                                <prop key="admin">admin</prop>
                            </props>
                        </constructor-arg>
                    </bean>
                </entry>
                <entry key="jmx.remote.accesscontroller">
                    <bean class="nl.bzk.algemeenbrp.util.jmx.access.AllAccessController"/>
                </entry>
            </map>
        </property>
    </bean>
</beans>
