<?xml version="1.0" encoding="UTF-8"?>
<beans xmlns="http://www.springframework.org/schema/beans"
       xmlns:xsi="http://www.w3.org/2001/XMLSchema-instance"
       xmlns:jdbc="http://www.springframework.org/schema/jdbc"
       xmlns:context="http://www.springframework.org/schema/context"
    xsi:schemaLocation="
        http://www.springframework.org/schema/beans http://www.springframework.org/schema/beans/spring-beans.xsd
        http://www.springframework.org/schema/context http://www.springframework.org/schema/context/spring-context.xsd
        http://www.springframework.org/schema/jdbc http://www.springframework.org/schema/jdbc/spring-jdbc.xsd">

    <jdbc:embedded-database id="opschonerDataSource" type="HSQL" />

    <jdbc:initialize-database ignore-failures="ALL" data-source="opschonerDataSource">
        <jdbc:script location="classpath:sql/hsqldb4postgres.sql"  />
        <jdbc:script location="classpath:sql/mig-drop.sql"  />
        <jdbc:script location="classpath:sql/jbpm-drop.sql"  />
        <jdbc:script location="classpath:sql/jbpm-create.sql"  />
        <jdbc:script location="classpath:sql/mig-create.sql"  />
        <jdbc:script location="classpath:sql/mig-data.sql"  />
        <jdbc:script location="classpath:sql/opschoner-data.sql" />
    </jdbc:initialize-database>

    <bean id="opschonerTransactionManager" class="org.springframework.jdbc.datasource.DataSourceTransactionManager">
        <property name="dataSource" ref="opschonerDataSource"/>
    </bean>

</beans>
