<?xml version="1.0" encoding="UTF-8"?>
<beans xmlns="http://www.springframework.org/schema/beans"
       xmlns:xsi="http://www.w3.org/2001/XMLSchema-instance"
       xmlns:context="http://www.springframework.org/schema/context"
       xmlns:jdbc="http://www.springframework.org/schema/jdbc"
       xsi:schemaLocation="
        http://www.springframework.org/schema/beans http://www.springframework.org/schema/beans/spring-beans.xsd
        http://www.springframework.org/schema/context http://www.springframework.org/schema/context/spring-context.xsd
        http://www.springframework.org/schema/jdbc http://www.springframework.org/schema/jdbc/spring-jdbc.xsd">

    <context:property-placeholder/>

    <bean id="embeddedDatabaseServer" class="org.hsqldb.server.Server" init-method="start" destroy-method="stop">
        <property name="port" value="${test.database.port}"/>
        <property name="properties">
            <bean class="org.hsqldb.persist.HsqlProperties">
                <constructor-arg>
                    <props>
                        <prop key="server.database.0">mem:brp</prop>
                        <prop key="server.dbname.0">brp</prop>
                    </props>
                </constructor-arg>
            </bean>
        </property>
    </bean>

    <bean id="initializeBrpDataSource" class="org.springframework.jdbc.datasource.DriverManagerDataSource" depends-on="embeddedDatabaseServer">
        <property name="driverClassName" value="org.hsqldb.jdbc.JDBCDriver"/>
        <property name="url" value="jdbc:hsqldb:hsql://localhost:${test.database.port}/brp"/>
        <property name="username" value="sa"/>
        <property name="password" value=""/>
    </bean>

    <jdbc:initialize-database data-source="initializeBrpDataSource">
        <jdbc:script location="classpath:bmr/HSQLDB/HSQLDB.sql" encoding="UTF-8"/>
    </jdbc:initialize-database>
    <jdbc:initialize-database ignore-failures="ALL" data-source="initializeBrpDataSource">
        <jdbc:script location="classpath:bmr/HSQLDB/PENDING_BMR_CHANGES.sql" encoding="UTF-8"/>
    </jdbc:initialize-database>

    <import resource="classpath:test-dal-beans.xml"/>
    <alias name="initializeBrpDataSource" alias="syncDalDataSource"/>
</beans>
